Copyright 1986-2015 Xilinx, Inc. All Rights Reserved.
------------------------------------------------------------------------------------
| Tool Version : Vivado v.2015.2 (win64) Build 1266856 Fri Jun 26 16:35:25 MDT 2015
| Date         : Tue Feb 08 01:09:09 2022
| Host         : Oun_PC running 64-bit major release  (build 9200)
| Command      : report_control_sets -verbose -file FSM_control_sets_placed.rpt
| Design       : FSM
| Device       : xc7a100t
------------------------------------------------------------------------------------

Control Set Information

Table of Contents
-----------------
1. Summary
2. Flip-Flop Distribution
3. Detailed Control Set Information

1. Summary
----------

+-------------------------------------------------------------------+-------+
|                               Status                              | Count |
+-------------------------------------------------------------------+-------+
| Number of unique control sets                                     |     1 |
| Minimum Number of register sites lost to control set restrictions |     3 |
+-------------------------------------------------------------------+-------+


2. Flip-Flop Distribution
-------------------------

+--------------+-----------------------+------------------------+-----------------+--------------+
| Clock Enable | Synchronous Set/Reset | Asynchronous Set/Reset | Total Registers | Total Slices |
+--------------+-----------------------+------------------------+-----------------+--------------+
| No           | No                    | No                     |               0 |            0 |
| No           | No                    | Yes                    |               0 |            0 |
| No           | Yes                   | No                     |               0 |            0 |
| Yes          | No                    | No                     |               0 |            0 |
| Yes          | No                    | Yes                    |               5 |            3 |
| Yes          | Yes                   | No                     |               0 |            0 |
+--------------+-----------------------+------------------------+-----------------+--------------+


3. Detailed Control Set Information
-----------------------------------

+--------------------+---------------+-----------------------------------------+------------------+----------------+
|    Clock Signal    | Enable Signal |             Set/Reset Signal            | Slice Load Count | Bel Load Count |
+--------------------+---------------+-----------------------------------------+------------------+----------------+
|  i_clock_IBUF_BUFG | i_enable_IBUF | FSM_sequential_current_state[4]_i_2_n_0 |                3 |              5 |
+--------------------+---------------+-----------------------------------------+------------------+----------------+


